<?xml version="1.0" encoding="UTF-8"?>
<testng-results skipped="0" failed="0" total="3" passed="3">
  <reporter-output>
  </reporter-output>
  <suite name="Suite" duration-ms="37686" started-at="2018-02-22T13:55:10Z" finished-at="2018-02-22T13:55:47Z">
    <groups>
    </groups>
    <test name="Test" duration-ms="16569" started-at="2018-02-22T13:55:10Z" finished-at="2018-02-22T13:55:26Z">
      <class name="Web.NewTest1">
        <test-method status="PASS" signature="login()[pri:0, instance:Web.NewTest1@724af044]" name="login" duration-ms="16546" started-at="2018-02-22T19:25:10Z" finished-at="2018-02-22T19:25:26Z">
          <reporter-output>
          </reporter-output>
        </test-method> <!-- login -->
      </class> <!-- Web.NewTest1 -->
    </test> <!-- Test -->
    <test name="Test1" duration-ms="37686" started-at="2018-02-22T13:55:10Z" finished-at="2018-02-22T13:55:47Z">
      <class name="Web.NewTest2">
        <test-method status="PASS" signature="login1()[pri:0, instance:Web.NewTest2@3532ec19]" name="login1" duration-ms="16105" started-at="2018-02-22T19:25:10Z" finished-at="2018-02-22T19:25:26Z">
          <reporter-output>
          </reporter-output>
        </test-method> <!-- login1 -->
        <test-method status="PASS" signature="login2()[pri:0, instance:Web.NewTest2@3532ec19]" name="login2" duration-ms="21559" started-at="2018-02-22T19:25:26Z" finished-at="2018-02-22T19:25:47Z">
          <reporter-output>
          </reporter-output>
        </test-method> <!-- login2 -->
      </class> <!-- Web.NewTest2 -->
    </test> <!-- Test1 -->
  </suite> <!-- Suite -->
</testng-results>
